d:\gameslabs\gameslabs-2\x64\debug\vc140.pdb
d:\gameslabs\gameslabs-2\x64\debug\vc140.idb
d:\gameslabs\gameslabs-2\x64\debug\graphics.obj
d:\gameslabs\gameslabs-2\x64\debug\shapes.obj
d:\gameslabs\gameslabs-2\x64\debug\source.obj
d:\gameslabs\x64\debug\gameslabs-bouncingball.ilk
d:\gameslabs\x64\debug\gameslabs-bouncingball.exe
d:\gameslabs\x64\debug\gameslabs-bouncingball.pdb
c:\git\gameslabs\gameslabs-2\x64\debug\graphics.obj
c:\git\gameslabs\gameslabs-2\x64\debug\shapes.obj
c:\git\gameslabs\gameslabs-2\x64\debug\source.obj
c:\git\gameslabs\gameslabs-2\x64\debug\vc140.idb
c:\git\gameslabs\gameslabs-2\x64\debug\vc140.pdb
c:\git\gameslabs\x64\debug\gameslabs-bouncingball.pdb
c:\git\gameslabs\x64\debug\gameslabs-bouncingball.exe
c:\git\gameslabs\x64\debug\gameslabs-bouncingball.ilk
c:\git\gameslabs\gameslabs-2\x64\debug\gameslab.460d53e0.tlog\cl.command.1.tlog
c:\git\gameslabs\gameslabs-2\x64\debug\gameslab.460d53e0.tlog\cl.read.1.tlog
c:\git\gameslabs\gameslabs-2\x64\debug\gameslab.460d53e0.tlog\cl.write.1.tlog
c:\git\gameslabs\gameslabs-2\x64\debug\gameslab.460d53e0.tlog\link.command.1.tlog
c:\git\gameslabs\gameslabs-2\x64\debug\gameslab.460d53e0.tlog\link.read.1.tlog
c:\git\gameslabs\gameslabs-2\x64\debug\gameslab.460d53e0.tlog\link.write.1.tlog
