  Source.cpp
  Shapes.cpp
d:\games programming\gameslabs\gameslabs-astar\shapes.cpp(28): warning C4267: 'initializing': conversion from 'size_t' to 'int', possible loss of data
d:\games programming\gameslabs\gameslabs-astar\shapes.cpp(31): warning C4267: '=': conversion from 'size_t' to 'int', possible loss of data
d:\games programming\gameslabs\gameslabs-astar\shapes.cpp(34): warning C4267: '=': conversion from 'size_t' to 'int', possible loss of data
d:\games programming\gameslabs\gameslabs-astar\shapes.cpp(42): warning C4267: 'initializing': conversion from 'size_t' to 'int', possible loss of data
d:\games programming\gameslabs\gameslabs-astar\shapes.cpp(45): warning C4267: '=': conversion from 'size_t' to 'int', possible loss of data
d:\games programming\gameslabs\gameslabs-astar\shapes.cpp(48): warning C4267: '=': conversion from 'size_t' to 'int', possible loss of data
d:\games programming\gameslabs\gameslabs-astar\shapes.cpp(55): warning C4267: 'initializing': conversion from 'size_t' to 'int', possible loss of data
d:\games programming\gameslabs\gameslabs-astar\shapes.cpp(153): warning C4267: 'argument': conversion from 'size_t' to 'GLsizei', possible loss of data
d:\games programming\gameslabs\gameslabs-astar\shapes.cpp(157): warning C4267: 'argument': conversion from 'size_t' to 'GLsizei', possible loss of data
  Position.cpp
d:\games programming\gameslabs\gameslabs-astar\position.cpp(21): warning C4244: 'return': conversion from 'double' to 'float', possible loss of data
  Point.cpp
d:\games programming\gameslabs\gameslabs-astar\point.cpp(19): warning C4244: 'argument': conversion from 'int' to 'float', possible loss of data
d:\games programming\gameslabs\gameslabs-astar\point.cpp(38): warning C4244: 'return': conversion from 'float' to 'int', possible loss of data
  Pathfinder.cpp
d:\games programming\gameslabs\gameslabs-astar\pathfinder.cpp(29): warning C4244: 'argument': conversion from 'float' to 'const int', possible loss of data
d:\games programming\gameslabs\gameslabs-astar\pathfinder.cpp(30): warning C4244: 'argument': conversion from 'float' to 'const int', possible loss of data
d:\games programming\gameslabs\gameslabs-astar\pathfinder.cpp(82): warning C4244: 'argument': conversion from 'float' to 'int', possible loss of data
d:\games programming\gameslabs\gameslabs-astar\pathfinder.cpp(95): warning C4244: 'argument': conversion from 'float' to 'int', possible loss of data
d:\games programming\gameslabs\gameslabs-astar\pathfinder.cpp(100): warning C4244: 'argument': conversion from 'float' to 'int', possible loss of data
  Graphics.cpp
  Generating Code...
LINK : warning LNK4098: defaultlib 'MSVCRT' conflicts with use of other libs; use /NODEFAULTLIB:library
  GamesLabs-Astar.vcxproj -> D:\Games Programming\gameslabs\x64\Debug\GamesLabs-Astar.exe
  GamesLabs-Astar.vcxproj -> D:\Games Programming\gameslabs\x64\Debug\GamesLabs-Astar.pdb (Partial PDB)
