d:\games programming\gameslabs\gameslabs-3\x64\debug\vc140.pdb
d:\games programming\gameslabs\gameslabs-3\x64\debug\vc140.idb
d:\games programming\gameslabs\gameslabs-3\x64\debug\graphics.obj
d:\games programming\gameslabs\gameslabs-3\x64\debug\particle.obj
d:\games programming\gameslabs\gameslabs-3\x64\debug\particleemitter.obj
d:\games programming\gameslabs\gameslabs-3\x64\debug\shapes.obj
d:\games programming\gameslabs\gameslabs-3\x64\debug\source.obj
d:\games programming\gameslabs\x64\debug\gameslabs-particleexplosion.ilk
d:\games programming\gameslabs\x64\debug\gameslabs-particleexplosion.exe
d:\games programming\gameslabs\x64\debug\gameslabs-particleexplosion.pdb
c:\git\gameslabs\gameslabs-particleexplosion\x64\debug\graphics.obj
c:\git\gameslabs\gameslabs-particleexplosion\x64\debug\particle.obj
c:\git\gameslabs\gameslabs-particleexplosion\x64\debug\particleemitter.obj
c:\git\gameslabs\gameslabs-particleexplosion\x64\debug\shapes.obj
c:\git\gameslabs\gameslabs-particleexplosion\x64\debug\source.obj
c:\git\gameslabs\gameslabs-particleexplosion\x64\debug\vc140.idb
c:\git\gameslabs\gameslabs-particleexplosion\x64\debug\vc140.pdb
c:\git\gameslabs\x64\debug\gameslabs-particleexplosion.pdb
c:\git\gameslabs\x64\debug\gameslabs-particleexplosion.exe
c:\git\gameslabs\x64\debug\gameslabs-particleexplosion.ilk
c:\git\gameslabs\gameslabs-particleexplosion\x64\debug\gameslab.c9e3a7ff.tlog\cl.command.1.tlog
c:\git\gameslabs\gameslabs-particleexplosion\x64\debug\gameslab.c9e3a7ff.tlog\cl.read.1.tlog
c:\git\gameslabs\gameslabs-particleexplosion\x64\debug\gameslab.c9e3a7ff.tlog\cl.write.1.tlog
c:\git\gameslabs\gameslabs-particleexplosion\x64\debug\gameslab.c9e3a7ff.tlog\link.command.1.tlog
c:\git\gameslabs\gameslabs-particleexplosion\x64\debug\gameslab.c9e3a7ff.tlog\link.read.1.tlog
c:\git\gameslabs\gameslabs-particleexplosion\x64\debug\gameslab.c9e3a7ff.tlog\link.write.1.tlog
